<?xml version="1.0" encoding="UTF-8"?>
<testng-results ignored="0" total="1" passed="1" failed="0" skipped="0">
  <reporter-output>
  </reporter-output>
  <suite started-at="2026-03-10T13:09:57 IST" name="Default suite" finished-at="2026-03-10T13:10:24 IST" duration-ms="27319">
    <groups>
    </groups>
    <test started-at="2026-03-10T13:09:57 IST" name="Default test" finished-at="2026-03-10T13:10:24 IST" duration-ms="27319">
      <class name="test.EndToEndTest">
        <test-method is-config="true" signature="setup()[pri:0, instance:test.EndToEndTest@740cae06]" started-at="2026-03-10T13:09:57 IST" name="setup" finished-at="2026-03-10T13:10:01 IST" duration-ms="3562" status="PASS">
          <reporter-output>
          </reporter-output>
        </test-method> <!-- setup -->
        <test-method signature="completeFlow()[pri:0, instance:test.EndToEndTest@740cae06]" started-at="2026-03-10T13:10:01 IST" name="completeFlow" finished-at="2026-03-10T13:10:24 IST" duration-ms="23722" status="PASS">
          <reporter-output>
          </reporter-output>
        </test-method> <!-- completeFlow -->
      </class> <!-- test.EndToEndTest -->
    </test> <!-- Default test -->
  </suite> <!-- Default suite -->
</testng-results>
